<?xml version="1.0" encoding="UTF-8"?>
<testng-results ignored="0" total="2" passed="2" failed="0" skipped="0">
  <reporter-output>
  </reporter-output>
  <suite started-at="2022-06-20T05:26:01 BDT" name="Default suite" finished-at="2022-06-20T05:26:57 BDT" duration-ms="55827">
    <groups>
    </groups>
    <test started-at="2022-06-20T05:26:01 BDT" name="Default test" finished-at="2022-06-20T05:26:57 BDT" duration-ms="55827">
      <class name="testCases.TC001_LocatorLearning">
        <test-method is-config="true" signature="setDriver()[pri:0, instance:testCases.TC001_LocatorLearning@5b03b9fe]" started-at="2022-06-20T05:25:58 BDT" name="setDriver" finished-at="2022-06-20T05:26:01 BDT" duration-ms="2963" status="PASS">
          <reporter-output>
          </reporter-output>
        </test-method> <!-- setDriver -->
        <test-method signature="LocatorLearning()[pri:0, instance:testCases.TC001_LocatorLearning@5b03b9fe]" started-at="2022-06-20T05:26:01 BDT" name="LocatorLearning" finished-at="2022-06-20T05:26:29 BDT" duration-ms="28405" status="PASS">
          <reporter-output>
          </reporter-output>
        </test-method> <!-- LocatorLearning -->
        <test-method signature="LocatorLearning()[pri:0, instance:testCases.TC001_LocatorLearning@5b03b9fe]" started-at="2022-06-20T05:26:29 BDT" name="LocatorLearning" finished-at="2022-06-20T05:26:57 BDT" duration-ms="27381" status="PASS">
          <reporter-output>
          </reporter-output>
        </test-method> <!-- LocatorLearning -->
        <test-method is-config="true" signature="closewindows()[pri:0, instance:testCases.TC001_LocatorLearning@5b03b9fe]" started-at="2022-06-20T05:26:57 BDT" name="closewindows" finished-at="2022-06-20T05:26:57 BDT" duration-ms="120" status="PASS">
          <reporter-output>
          </reporter-output>
        </test-method> <!-- closewindows -->
      </class> <!-- testCases.TC001_LocatorLearning -->
    </test> <!-- Default test -->
  </suite> <!-- Default suite -->
</testng-results>
