<?xml version="1.0" encoding="UTF-8"?>
<testng-results ignored="0" total="1" passed="1" failed="0" skipped="0">
  <reporter-output>
  </reporter-output>
  <suite started-at="2022-06-17T23:55:55 BDT" name="Default suite" finished-at="2022-06-17T23:56:07 BDT" duration-ms="11452">
    <groups>
    </groups>
    <test started-at="2022-06-17T23:55:55 BDT" name="Default test" finished-at="2022-06-17T23:56:07 BDT" duration-ms="11452">
      <class name="testCases.TC001_LocatorLearning">
        <test-method is-config="true" signature="setDriver()[pri:0, instance:testCases.TC001_LocatorLearning@7c711375]" started-at="2022-06-17T23:55:52 BDT" name="setDriver" finished-at="2022-06-17T23:55:55 BDT" duration-ms="2764" status="PASS">
          <reporter-output>
          </reporter-output>
        </test-method> <!-- setDriver -->
        <test-method signature="LocatorLearning()[pri:0, instance:testCases.TC001_LocatorLearning@7c711375]" started-at="2022-06-17T23:55:55 BDT" name="LocatorLearning" finished-at="2022-06-17T23:56:07 BDT" duration-ms="11420" status="PASS">
          <reporter-output>
          </reporter-output>
        </test-method> <!-- LocatorLearning -->
        <test-method is-config="true" signature="closewindows()[pri:0, instance:testCases.TC001_LocatorLearning@7c711375]" started-at="2022-06-17T23:56:07 BDT" name="closewindows" finished-at="2022-06-17T23:56:07 BDT" duration-ms="99" status="PASS">
          <reporter-output>
          </reporter-output>
        </test-method> <!-- closewindows -->
      </class> <!-- testCases.TC001_LocatorLearning -->
    </test> <!-- Default test -->
  </suite> <!-- Default suite -->
</testng-results>
